[debug] [2025-07-20T07:57:36.999Z] ----------------------------------------------------------------------
[debug] [2025-07-20T07:57:37.004Z] Command:       C:\Program Files\nodejs\node.exe C:\Users\El Dokki\AppData\Roaming\npm\node_modules\firebase-tools\lib\bin\firebase.js serve
[debug] [2025-07-20T07:57:37.005Z] CLI Version:   14.11.0
[debug] [2025-07-20T07:57:37.005Z] Platform:      win32
[debug] [2025-07-20T07:57:37.005Z] Node Version:  v22.17.0
[debug] [2025-07-20T07:57:37.006Z] Time:          Sun Jul 20 2025 10:57:37 GMT+0300 (Eastern European Summer Time)
[debug] [2025-07-20T07:57:37.006Z] ----------------------------------------------------------------------
[debug] 
[debug] [2025-07-20T07:57:37.328Z] > command requires scopes: ["email","openid","https://www.googleapis.com/auth/cloudplatformprojects.readonly","https://www.googleapis.com/auth/firebase","https://www.googleapis.com/auth/cloud-platform"]
[debug] [2025-07-20T07:57:37.328Z] > authorizing via signed-in user (marwanmohamed200415@gmail.com)
[debug] [2025-07-20T07:57:37.328Z] [iam] checking project digital-twin-7de56 for permissions ["firebase.projects.get"]
[debug] [2025-07-20T07:57:37.330Z] Checked if tokens are valid: false, expires at: 1752998565838
[debug] [2025-07-20T07:57:37.330Z] Checked if tokens are valid: false, expires at: 1752998565838
[debug] [2025-07-20T07:57:37.330Z] > refreshing access token with scopes: []
[debug] [2025-07-20T07:57:37.332Z] >>> [apiv2][query] POST https://www.googleapis.com/oauth2/v3/token [none]
[debug] [2025-07-20T07:57:37.333Z] >>> [apiv2][body] POST https://www.googleapis.com/oauth2/v3/token [omitted]
[debug] [2025-07-20T07:57:38.158Z] <<< [apiv2][status] POST https://www.googleapis.com/oauth2/v3/token 200
[debug] [2025-07-20T07:57:38.158Z] <<< [apiv2][body] POST https://www.googleapis.com/oauth2/v3/token [omitted]
[debug] [2025-07-20T07:57:38.174Z] >>> [apiv2][query] POST https://cloudresourcemanager.googleapis.com/v1/projects/digital-twin-7de56:testIamPermissions [none]
[debug] [2025-07-20T07:57:38.174Z] >>> [apiv2][(partial)header] POST https://cloudresourcemanager.googleapis.com/v1/projects/digital-twin-7de56:testIamPermissions x-goog-quota-user=projects/digital-twin-7de56
[debug] [2025-07-20T07:57:38.174Z] >>> [apiv2][body] POST https://cloudresourcemanager.googleapis.com/v1/projects/digital-twin-7de56:testIamPermissions {"permissions":["firebase.projects.get"]}
[debug] [2025-07-20T07:57:39.211Z] <<< [apiv2][status] POST https://cloudresourcemanager.googleapis.com/v1/projects/digital-twin-7de56:testIamPermissions 200
[debug] [2025-07-20T07:57:39.211Z] <<< [apiv2][body] POST https://cloudresourcemanager.googleapis.com/v1/projects/digital-twin-7de56:testIamPermissions {"permissions":["firebase.projects.get"]}
[debug] [2025-07-20T07:57:39.212Z] Checked if tokens are valid: true, expires at: 1753001857158
[debug] [2025-07-20T07:57:39.212Z] Checked if tokens are valid: true, expires at: 1753001857158
[debug] [2025-07-20T07:57:39.212Z] >>> [apiv2][query] GET https://serviceusage.googleapis.com/v1/projects/digital-twin-7de56/services/cloudresourcemanager.googleapis.com [none]
[debug] [2025-07-20T07:57:39.212Z] >>> [apiv2][(partial)header] GET https://serviceusage.googleapis.com/v1/projects/digital-twin-7de56/services/cloudresourcemanager.googleapis.com x-goog-quota-user=projects/digital-twin-7de56
[debug] [2025-07-20T07:57:40.454Z] <<< [apiv2][status] GET https://serviceusage.googleapis.com/v1/projects/digital-twin-7de56/services/cloudresourcemanager.googleapis.com 200
[debug] [2025-07-20T07:57:40.454Z] <<< [apiv2][body] GET https://serviceusage.googleapis.com/v1/projects/digital-twin-7de56/services/cloudresourcemanager.googleapis.com [omitted]
[debug] [2025-07-20T07:57:40.462Z] Checked if tokens are valid: true, expires at: 1753001857158
[debug] [2025-07-20T07:57:40.462Z] Checked if tokens are valid: true, expires at: 1753001857158
[debug] [2025-07-20T07:57:40.462Z] >>> [apiv2][query] GET https://cloudresourcemanager.googleapis.com/v1/projects/digital-twin-7de56 [none]
[debug] [2025-07-20T07:57:40.715Z] <<< [apiv2][status] GET https://cloudresourcemanager.googleapis.com/v1/projects/digital-twin-7de56 200
[debug] [2025-07-20T07:57:40.715Z] <<< [apiv2][body] GET https://cloudresourcemanager.googleapis.com/v1/projects/digital-twin-7de56 {"projectNumber":"150254210836","projectId":"digital-twin-7de56","lifecycleState":"ACTIVE","name":"Digital-Twin","labels":{"firebase":"enabled","firebase-core":"disabled"},"createTime":"2025-07-17T09:23:08.351939Z"}
[info] 
[info] === Serving from 'C:\Users\El Dokki\OneDrive\Desktop\Three js\Digital Twin Project'...
[info] 
[debug] [2025-07-20T07:57:40.718Z] Checked if tokens are valid: true, expires at: 1753001857158
[debug] [2025-07-20T07:57:40.718Z] Checked if tokens are valid: true, expires at: 1753001857158
[debug] [2025-07-20T07:57:40.718Z] >>> [apiv2][query] GET https://firebasehosting.googleapis.com/v1beta1/projects/digital-twin-7de56/sites 
[debug] [2025-07-20T07:57:42.029Z] <<< [apiv2][status] GET https://firebasehosting.googleapis.com/v1beta1/projects/digital-twin-7de56/sites 200
[debug] [2025-07-20T07:57:42.029Z] <<< [apiv2][body] GET https://firebasehosting.googleapis.com/v1beta1/projects/digital-twin-7de56/sites {"sites":[{"name":"projects/digital-twin-7de56/sites/digital-twin-7de56","defaultUrl":"https://digital-twin-7de56.web.app","appId":"1:150254210836:web:a3ef3ec39dc71b7cd4bc01","type":"DEFAULT_SITE"}]}
[debug] [2025-07-20T07:57:42.030Z] Checked if tokens are valid: true, expires at: 1753001857158
[debug] [2025-07-20T07:57:42.030Z] Checked if tokens are valid: true, expires at: 1753001857158
[debug] [2025-07-20T07:57:42.030Z] >>> [apiv2][query] GET https://firebase.googleapis.com/v1beta1/projects/digital-twin-7de56/webApps/1:150254210836:web:a3ef3ec39dc71b7cd4bc01/config [none]
[debug] [2025-07-20T07:57:43.194Z] <<< [apiv2][status] GET https://firebase.googleapis.com/v1beta1/projects/digital-twin-7de56/webApps/1:150254210836:web:a3ef3ec39dc71b7cd4bc01/config 200
[debug] [2025-07-20T07:57:43.194Z] <<< [apiv2][body] GET https://firebase.googleapis.com/v1beta1/projects/digital-twin-7de56/webApps/1:150254210836:web:a3ef3ec39dc71b7cd4bc01/config {"projectId":"digital-twin-7de56","appId":"1:150254210836:web:a3ef3ec39dc71b7cd4bc01","storageBucket":"digital-twin-7de56.firebasestorage.app","apiKey":"AIzaSyADK24bSdgcMCopeF-BJaZucHyIWo_F2kc","authDomain":"digital-twin-7de56.firebaseapp.com","messagingSenderId":"150254210836","measurementId":"G-X1VEGQ1N95"}
[debug] [2025-07-20T07:57:43.209Z] Checked if tokens are valid: true, expires at: 1753001857158
[debug] [2025-07-20T07:57:43.209Z] Checked if tokens are valid: true, expires at: 1753001857158
[debug] [2025-07-20T07:57:43.209Z] >>> [apiv2][query] GET https://firebase.googleapis.com/v1beta1/projects/digital-twin-7de56 [none]
[debug] [2025-07-20T07:57:43.594Z] <<< [apiv2][status] GET https://firebase.googleapis.com/v1beta1/projects/digital-twin-7de56 200
[debug] [2025-07-20T07:57:43.594Z] <<< [apiv2][body] GET https://firebase.googleapis.com/v1beta1/projects/digital-twin-7de56 {"projectId":"digital-twin-7de56","projectNumber":"150254210836","displayName":"Digital-Twin","name":"projects/digital-twin-7de56","resources":{"hostingSite":"digital-twin-7de56"},"state":"ACTIVE","etag":"1_eda59184-4620-4a8c-8e13-0dc7ca401938"}
[info] i  hosting[digital-twin-7de56]: Serving hosting files from: public {"metadata":{"emulator":{"name":"hosting"},"message":"Serving hosting files from: \u001b[1mpublic\u001b[22m"}}
[info] +  hosting[digital-twin-7de56]: Local server: http://localhost:5000 {"metadata":{"emulator":{"name":"hosting"},"message":"Local server: \u001b[4m\u001b[1mhttp://localhost:5000\u001b[22m\u001b[24m"}}
[info] i  hosting: ::1 - - [20/Jul/2025:07:57:55 +0000] "GET /?id=d0c75459-27cd-4074-a3b4-15de0d4c8f42&vscodeBrowserReqId=1752998275857 HTTP/1.1" 200 - "-" "Mozilla/5.0 (Windows NT 10.0; Win64; x64) AppleWebKit/537.36 (KHTML, like Gecko) Code/1.102.1 Chrome/134.0.6998.205 Electron/35.6.0 Safari/537.36" {"metadata":{"emulator":{"name":"hosting"},"message":"::1 - - [20/Jul/2025:07:57:55 +0000] \"GET /?id=d0c75459-27cd-4074-a3b4-15de0d4c8f42&vscodeBrowserReqId=1752998275857 HTTP/1.1\" 200 - \"-\" \"Mozilla/5.0 (Windows NT 10.0; Win64; x64) AppleWebKit/537.36 (KHTML, like Gecko) Code/1.102.1 Chrome/134.0.6998.205 Electron/35.6.0 Safari/537.36\""}}
[info] i  hosting: ::1 - - [20/Jul/2025:07:57:55 +0000] "GET /static/css/main.css HTTP/1.1" 200 - "http://localhost:5000/?id=d0c75459-27cd-4074-a3b4-15de0d4c8f42&vscodeBrowserReqId=1752998275857" "Mozilla/5.0 (Windows NT 10.0; Win64; x64) AppleWebKit/537.36 (KHTML, like Gecko) Code/1.102.1 Chrome/134.0.6998.205 Electron/35.6.0 Safari/537.36" {"metadata":{"emulator":{"name":"hosting"},"message":"::1 - - [20/Jul/2025:07:57:55 +0000] \"GET /static/css/main.css HTTP/1.1\" 200 - \"http://localhost:5000/?id=d0c75459-27cd-4074-a3b4-15de0d4c8f42&vscodeBrowserReqId=1752998275857\" \"Mozilla/5.0 (Windows NT 10.0; Win64; x64) AppleWebKit/537.36 (KHTML, like Gecko) Code/1.102.1 Chrome/134.0.6998.205 Electron/35.6.0 Safari/537.36\""}}
[info] i  hosting: ::1 - - [20/Jul/2025:07:57:55 +0000] "GET /static/js/drag.js HTTP/1.1" 200 - "http://localhost:5000/?id=d0c75459-27cd-4074-a3b4-15de0d4c8f42&vscodeBrowserReqId=1752998275857" "Mozilla/5.0 (Windows NT 10.0; Win64; x64) AppleWebKit/537.36 (KHTML, like Gecko) Code/1.102.1 Chrome/134.0.6998.205 Electron/35.6.0 Safari/537.36" {"metadata":{"emulator":{"name":"hosting"},"message":"::1 - - [20/Jul/2025:07:57:55 +0000] \"GET /static/js/drag.js HTTP/1.1\" 200 - \"http://localhost:5000/?id=d0c75459-27cd-4074-a3b4-15de0d4c8f42&vscodeBrowserReqId=1752998275857\" \"Mozilla/5.0 (Windows NT 10.0; Win64; x64) AppleWebKit/537.36 (KHTML, like Gecko) Code/1.102.1 Chrome/134.0.6998.205 Electron/35.6.0 Safari/537.36\""}}
[info] i  hosting: ::1 - - [20/Jul/2025:07:57:57 +0000] "GET /static/img/Holcim%20Logo.png HTTP/1.1" 200 175820 "http://localhost:5000/?id=d0c75459-27cd-4074-a3b4-15de0d4c8f42&vscodeBrowserReqId=1752998275857" "Mozilla/5.0 (Windows NT 10.0; Win64; x64) AppleWebKit/537.36 (KHTML, like Gecko) Code/1.102.1 Chrome/134.0.6998.205 Electron/35.6.0 Safari/537.36" {"metadata":{"emulator":{"name":"hosting"},"message":"::1 - - [20/Jul/2025:07:57:57 +0000] \"GET /static/img/Holcim%20Logo.png HTTP/1.1\" 200 175820 \"http://localhost:5000/?id=d0c75459-27cd-4074-a3b4-15de0d4c8f42&vscodeBrowserReqId=1752998275857\" \"Mozilla/5.0 (Windows NT 10.0; Win64; x64) AppleWebKit/537.36 (KHTML, like Gecko) Code/1.102.1 Chrome/134.0.6998.205 Electron/35.6.0 Safari/537.36\""}}
[info] i  hosting: ::1 - - [20/Jul/2025:07:57:57 +0000] "GET /static/img/Lafarge%20Map.png HTTP/1.1" 200 6791880 "http://localhost:5000/?id=d0c75459-27cd-4074-a3b4-15de0d4c8f42&vscodeBrowserReqId=1752998275857" "Mozilla/5.0 (Windows NT 10.0; Win64; x64) AppleWebKit/537.36 (KHTML, like Gecko) Code/1.102.1 Chrome/134.0.6998.205 Electron/35.6.0 Safari/537.36" {"metadata":{"emulator":{"name":"hosting"},"message":"::1 - - [20/Jul/2025:07:57:57 +0000] \"GET /static/img/Lafarge%20Map.png HTTP/1.1\" 200 6791880 \"http://localhost:5000/?id=d0c75459-27cd-4074-a3b4-15de0d4c8f42&vscodeBrowserReqId=1752998275857\" \"Mozilla/5.0 (Windows NT 10.0; Win64; x64) AppleWebKit/537.36 (KHTML, like Gecko) Code/1.102.1 Chrome/134.0.6998.205 Electron/35.6.0 Safari/537.36\""}}
[info] i  hosting: ::1 - - [20/Jul/2025:07:57:57 +0000] "GET /sw.js HTTP/1.1" 200 - "http://localhost:5000/?id=d0c75459-27cd-4074-a3b4-15de0d4c8f42&vscodeBrowserReqId=1752998275857" "Mozilla/5.0 (Windows NT 10.0; Win64; x64) AppleWebKit/537.36 (KHTML, like Gecko) Code/1.102.1 Chrome/134.0.6998.205 Electron/35.6.0 Safari/537.36" {"metadata":{"emulator":{"name":"hosting"},"message":"::1 - - [20/Jul/2025:07:57:57 +0000] \"GET /sw.js HTTP/1.1\" 200 - \"http://localhost:5000/?id=d0c75459-27cd-4074-a3b4-15de0d4c8f42&vscodeBrowserReqId=1752998275857\" \"Mozilla/5.0 (Windows NT 10.0; Win64; x64) AppleWebKit/537.36 (KHTML, like Gecko) Code/1.102.1 Chrome/134.0.6998.205 Electron/35.6.0 Safari/537.36\""}}
[info] i  hosting: ::1 - - [20/Jul/2025:07:57:57 +0000] "GET /index.html HTTP/1.1" 200 - "http://localhost:5000/sw.js" "Mozilla/5.0 (Windows NT 10.0; Win64; x64) AppleWebKit/537.36 (KHTML, like Gecko) Code/1.102.1 Chrome/134.0.6998.205 Electron/35.6.0 Safari/537.36" {"metadata":{"emulator":{"name":"hosting"},"message":"::1 - - [20/Jul/2025:07:57:57 +0000] \"GET /index.html HTTP/1.1\" 200 - \"http://localhost:5000/sw.js\" \"Mozilla/5.0 (Windows NT 10.0; Win64; x64) AppleWebKit/537.36 (KHTML, like Gecko) Code/1.102.1 Chrome/134.0.6998.205 Electron/35.6.0 Safari/537.36\""}}
[info] i  hosting: ::1 - - [20/Jul/2025:07:57:57 +0000] "GET / HTTP/1.1" 200 - "http://localhost:5000/sw.js" "Mozilla/5.0 (Windows NT 10.0; Win64; x64) AppleWebKit/537.36 (KHTML, like Gecko) Code/1.102.1 Chrome/134.0.6998.205 Electron/35.6.0 Safari/537.36" {"metadata":{"emulator":{"name":"hosting"},"message":"::1 - - [20/Jul/2025:07:57:57 +0000] \"GET / HTTP/1.1\" 200 - \"http://localhost:5000/sw.js\" \"Mozilla/5.0 (Windows NT 10.0; Win64; x64) AppleWebKit/537.36 (KHTML, like Gecko) Code/1.102.1 Chrome/134.0.6998.205 Electron/35.6.0 Safari/537.36\""}}
[info] i  hosting: ::1 - - [20/Jul/2025:07:57:57 +0000] "GET /static/models/Storage.glb HTTP/1.1" 200 - "http://localhost:5000/sw.js" "Mozilla/5.0 (Windows NT 10.0; Win64; x64) AppleWebKit/537.36 (KHTML, like Gecko) Code/1.102.1 Chrome/134.0.6998.205 Electron/35.6.0 Safari/537.36" {"metadata":{"emulator":{"name":"hosting"},"message":"::1 - - [20/Jul/2025:07:57:57 +0000] \"GET /static/models/Storage.glb HTTP/1.1\" 200 - \"http://localhost:5000/sw.js\" \"Mozilla/5.0 (Windows NT 10.0; Win64; x64) AppleWebKit/537.36 (KHTML, like Gecko) Code/1.102.1 Chrome/134.0.6998.205 Electron/35.6.0 Safari/537.36\""}}
[info] i  hosting: ::1 - - [20/Jul/2025:07:57:57 +0000] "GET /static/models/preheater.glb HTTP/1.1" 200 - "http://localhost:5000/sw.js" "Mozilla/5.0 (Windows NT 10.0; Win64; x64) AppleWebKit/537.36 (KHTML, like Gecko) Code/1.102.1 Chrome/134.0.6998.205 Electron/35.6.0 Safari/537.36" {"metadata":{"emulator":{"name":"hosting"},"message":"::1 - - [20/Jul/2025:07:57:57 +0000] \"GET /static/models/preheater.glb HTTP/1.1\" 200 - \"http://localhost:5000/sw.js\" \"Mozilla/5.0 (Windows NT 10.0; Win64; x64) AppleWebKit/537.36 (KHTML, like Gecko) Code/1.102.1 Chrome/134.0.6998.205 Electron/35.6.0 Safari/537.36\""}}
[info] i  hosting: ::1 - - [20/Jul/2025:07:57:57 +0000] "GET /static/models/silo.glb HTTP/1.1" 200 - "http://localhost:5000/sw.js" "Mozilla/5.0 (Windows NT 10.0; Win64; x64) AppleWebKit/537.36 (KHTML, like Gecko) Code/1.102.1 Chrome/134.0.6998.205 Electron/35.6.0 Safari/537.36" {"metadata":{"emulator":{"name":"hosting"},"message":"::1 - - [20/Jul/2025:07:57:57 +0000] \"GET /static/models/silo.glb HTTP/1.1\" 200 - \"http://localhost:5000/sw.js\" \"Mozilla/5.0 (Windows NT 10.0; Win64; x64) AppleWebKit/537.36 (KHTML, like Gecko) Code/1.102.1 Chrome/134.0.6998.205 Electron/35.6.0 Safari/537.36\""}}
[info] i  hosting: ::1 - - [20/Jul/2025:08:05:49 +0000] "GET /?id=96df0839-08ea-47a4-90f7-4bf3af1d905e&vscodeBrowserReqId=1752998749601 HTTP/1.1" 200 - "-" "Mozilla/5.0 (Windows NT 10.0; Win64; x64) AppleWebKit/537.36 (KHTML, like Gecko) Code/1.102.1 Chrome/134.0.6998.205 Electron/35.6.0 Safari/537.36" {"metadata":{"emulator":{"name":"hosting"},"message":"::1 - - [20/Jul/2025:08:05:49 +0000] \"GET /?id=96df0839-08ea-47a4-90f7-4bf3af1d905e&vscodeBrowserReqId=1752998749601 HTTP/1.1\" 200 - \"-\" \"Mozilla/5.0 (Windows NT 10.0; Win64; x64) AppleWebKit/537.36 (KHTML, like Gecko) Code/1.102.1 Chrome/134.0.6998.205 Electron/35.6.0 Safari/537.36\""}}
[info] i  hosting: ::1 - - [20/Jul/2025:08:05:51 +0000] "GET /sw.js HTTP/1.1" 404 144 "http://localhost:5000/sw.js" "Mozilla/5.0 (Windows NT 10.0; Win64; x64) AppleWebKit/537.36 (KHTML, like Gecko) Code/1.102.1 Chrome/134.0.6998.205 Electron/35.6.0 Safari/537.36" {"metadata":{"emulator":{"name":"hosting"},"message":"::1 - - [20/Jul/2025:08:05:51 +0000] \"GET /sw.js HTTP/1.1\" 404 144 \"http://localhost:5000/sw.js\" \"Mozilla/5.0 (Windows NT 10.0; Win64; x64) AppleWebKit/537.36 (KHTML, like Gecko) Code/1.102.1 Chrome/134.0.6998.205 Electron/35.6.0 Safari/537.36\""}}
[info] i  hosting: ::1 - - [20/Jul/2025:08:20:59 +0000] "GET /?id=60284385-ac8e-4622-bfce-c90fe625c722&vscodeBrowserReqId=1752999659092 HTTP/1.1" 200 - "-" "Mozilla/5.0 (Windows NT 10.0; Win64; x64) AppleWebKit/537.36 (KHTML, like Gecko) Code/1.102.1 Chrome/134.0.6998.205 Electron/35.6.0 Safari/537.36" {"metadata":{"emulator":{"name":"hosting"},"message":"::1 - - [20/Jul/2025:08:20:59 +0000] \"GET /?id=60284385-ac8e-4622-bfce-c90fe625c722&vscodeBrowserReqId=1752999659092 HTTP/1.1\" 200 - \"-\" \"Mozilla/5.0 (Windows NT 10.0; Win64; x64) AppleWebKit/537.36 (KHTML, like Gecko) Code/1.102.1 Chrome/134.0.6998.205 Electron/35.6.0 Safari/537.36\""}}
[info] i  hosting: ::1 - - [20/Jul/2025:08:21:01 +0000] "GET /sw.js HTTP/1.1" 404 144 "http://localhost:5000/sw.js" "Mozilla/5.0 (Windows NT 10.0; Win64; x64) AppleWebKit/537.36 (KHTML, like Gecko) Code/1.102.1 Chrome/134.0.6998.205 Electron/35.6.0 Safari/537.36" {"metadata":{"emulator":{"name":"hosting"},"message":"::1 - - [20/Jul/2025:08:21:01 +0000] \"GET /sw.js HTTP/1.1\" 404 144 \"http://localhost:5000/sw.js\" \"Mozilla/5.0 (Windows NT 10.0; Win64; x64) AppleWebKit/537.36 (KHTML, like Gecko) Code/1.102.1 Chrome/134.0.6998.205 Electron/35.6.0 Safari/537.36\""}}
[info] i  hosting: ::1 - - [20/Jul/2025:08:22:37 +0000] "GET /?id=60284385-ac8e-4622-bfce-c90fe625c722&vscodeBrowserReqId=1752999757171 HTTP/1.1" 200 - "-" "Mozilla/5.0 (Windows NT 10.0; Win64; x64) AppleWebKit/537.36 (KHTML, like Gecko) Code/1.102.1 Chrome/134.0.6998.205 Electron/35.6.0 Safari/537.36" {"metadata":{"emulator":{"name":"hosting"},"message":"::1 - - [20/Jul/2025:08:22:37 +0000] \"GET /?id=60284385-ac8e-4622-bfce-c90fe625c722&vscodeBrowserReqId=1752999757171 HTTP/1.1\" 200 - \"-\" \"Mozilla/5.0 (Windows NT 10.0; Win64; x64) AppleWebKit/537.36 (KHTML, like Gecko) Code/1.102.1 Chrome/134.0.6998.205 Electron/35.6.0 Safari/537.36\""}}
[info] i  hosting: ::1 - - [20/Jul/2025:08:22:39 +0000] "GET /sw.js HTTP/1.1" 404 144 "http://localhost:5000/sw.js" "Mozilla/5.0 (Windows NT 10.0; Win64; x64) AppleWebKit/537.36 (KHTML, like Gecko) Code/1.102.1 Chrome/134.0.6998.205 Electron/35.6.0 Safari/537.36" {"metadata":{"emulator":{"name":"hosting"},"message":"::1 - - [20/Jul/2025:08:22:39 +0000] \"GET /sw.js HTTP/1.1\" 404 144 \"http://localhost:5000/sw.js\" \"Mozilla/5.0 (Windows NT 10.0; Win64; x64) AppleWebKit/537.36 (KHTML, like Gecko) Code/1.102.1 Chrome/134.0.6998.205 Electron/35.6.0 Safari/537.36\""}}
[info] i  hosting: ::1 - - [20/Jul/2025:10:04:09 +0000] "GET /?id=2003d61b-2729-4f7e-a175-4f384a6acfea&vscodeBrowserReqId=1753005849367 HTTP/1.1" 200 - "-" "Mozilla/5.0 (Windows NT 10.0; Win64; x64) AppleWebKit/537.36 (KHTML, like Gecko) Code/1.102.1 Chrome/134.0.6998.205 Electron/35.6.0 Safari/537.36" {"metadata":{"emulator":{"name":"hosting"},"message":"::1 - - [20/Jul/2025:10:04:09 +0000] \"GET /?id=2003d61b-2729-4f7e-a175-4f384a6acfea&vscodeBrowserReqId=1753005849367 HTTP/1.1\" 200 - \"-\" \"Mozilla/5.0 (Windows NT 10.0; Win64; x64) AppleWebKit/537.36 (KHTML, like Gecko) Code/1.102.1 Chrome/134.0.6998.205 Electron/35.6.0 Safari/537.36\""}}
[info] i  hosting: ::1 - - [20/Jul/2025:10:04:09 +0000] "GET /static/js/auth.js HTTP/1.1" 200 - "http://localhost:5000/?id=2003d61b-2729-4f7e-a175-4f384a6acfea&vscodeBrowserReqId=1753005849367" "Mozilla/5.0 (Windows NT 10.0; Win64; x64) AppleWebKit/537.36 (KHTML, like Gecko) Code/1.102.1 Chrome/134.0.6998.205 Electron/35.6.0 Safari/537.36" {"metadata":{"emulator":{"name":"hosting"},"message":"::1 - - [20/Jul/2025:10:04:09 +0000] \"GET /static/js/auth.js HTTP/1.1\" 200 - \"http://localhost:5000/?id=2003d61b-2729-4f7e-a175-4f384a6acfea&vscodeBrowserReqId=1753005849367\" \"Mozilla/5.0 (Windows NT 10.0; Win64; x64) AppleWebKit/537.36 (KHTML, like Gecko) Code/1.102.1 Chrome/134.0.6998.205 Electron/35.6.0 Safari/537.36\""}}
[info] i  hosting: ::1 - - [20/Jul/2025:10:04:11 +0000] "GET /sw.js HTTP/1.1" 404 144 "http://localhost:5000/sw.js" "Mozilla/5.0 (Windows NT 10.0; Win64; x64) AppleWebKit/537.36 (KHTML, like Gecko) Code/1.102.1 Chrome/134.0.6998.205 Electron/35.6.0 Safari/537.36" {"metadata":{"emulator":{"name":"hosting"},"message":"::1 - - [20/Jul/2025:10:04:11 +0000] \"GET /sw.js HTTP/1.1\" 404 144 \"http://localhost:5000/sw.js\" \"Mozilla/5.0 (Windows NT 10.0; Win64; x64) AppleWebKit/537.36 (KHTML, like Gecko) Code/1.102.1 Chrome/134.0.6998.205 Electron/35.6.0 Safari/537.36\""}}
[debug] [2025-07-20T10:07:45.446Z] ----------------------------------------------------------------------
[debug] [2025-07-20T10:07:45.449Z] Command:       C:\Program Files\nodejs\node.exe C:\Users\El Dokki\AppData\Roaming\npm\node_modules\firebase-tools\lib\bin\firebase.js serve --only hosting --port 5000
[debug] [2025-07-20T10:07:45.450Z] CLI Version:   14.11.0
[debug] [2025-07-20T10:07:45.450Z] Platform:      win32
[debug] [2025-07-20T10:07:45.450Z] Node Version:  v22.17.0
[debug] [2025-07-20T10:07:45.450Z] Time:          Sun Jul 20 2025 13:07:45 GMT+0300 (Eastern European Summer Time)
[debug] [2025-07-20T10:07:45.450Z] ----------------------------------------------------------------------
[debug] 
[debug] [2025-07-20T10:07:45.862Z] > command requires scopes: ["email","openid","https://www.googleapis.com/auth/cloudplatformprojects.readonly","https://www.googleapis.com/auth/firebase","https://www.googleapis.com/auth/cloud-platform"]
[debug] [2025-07-20T10:07:45.862Z] > authorizing via signed-in user (marwanmohamed200415@gmail.com)
[debug] [2025-07-20T10:07:45.863Z] [iam] checking project digital-twin-7de56 for permissions ["firebase.projects.get"]
[debug] [2025-07-20T10:07:45.864Z] Checked if tokens are valid: false, expires at: 1753001857158
[debug] [2025-07-20T10:07:45.864Z] Checked if tokens are valid: false, expires at: 1753001857158
[debug] [2025-07-20T10:07:45.865Z] > refreshing access token with scopes: []
[debug] [2025-07-20T10:07:45.867Z] >>> [apiv2][query] POST https://www.googleapis.com/oauth2/v3/token [none]
[debug] [2025-07-20T10:07:45.867Z] >>> [apiv2][body] POST https://www.googleapis.com/oauth2/v3/token [omitted]
[debug] [2025-07-20T10:07:46.332Z] <<< [apiv2][status] POST https://www.googleapis.com/oauth2/v3/token 200
[debug] [2025-07-20T10:07:46.332Z] <<< [apiv2][body] POST https://www.googleapis.com/oauth2/v3/token [omitted]
[debug] [2025-07-20T10:07:46.350Z] >>> [apiv2][query] POST https://cloudresourcemanager.googleapis.com/v1/projects/digital-twin-7de56:testIamPermissions [none]
[debug] [2025-07-20T10:07:46.350Z] >>> [apiv2][(partial)header] POST https://cloudresourcemanager.googleapis.com/v1/projects/digital-twin-7de56:testIamPermissions x-goog-quota-user=projects/digital-twin-7de56
[debug] [2025-07-20T10:07:46.350Z] >>> [apiv2][body] POST https://cloudresourcemanager.googleapis.com/v1/projects/digital-twin-7de56:testIamPermissions {"permissions":["firebase.projects.get"]}
[debug] [2025-07-20T10:07:47.392Z] <<< [apiv2][status] POST https://cloudresourcemanager.googleapis.com/v1/projects/digital-twin-7de56:testIamPermissions 200
[debug] [2025-07-20T10:07:47.392Z] <<< [apiv2][body] POST https://cloudresourcemanager.googleapis.com/v1/projects/digital-twin-7de56:testIamPermissions {"permissions":["firebase.projects.get"]}
[debug] [2025-07-20T10:07:47.393Z] Checked if tokens are valid: true, expires at: 1753009665332
[debug] [2025-07-20T10:07:47.393Z] Checked if tokens are valid: true, expires at: 1753009665332
[debug] [2025-07-20T10:07:47.393Z] >>> [apiv2][query] GET https://cloudresourcemanager.googleapis.com/v1/projects/digital-twin-7de56 [none]
[debug] [2025-07-20T10:07:47.744Z] <<< [apiv2][status] GET https://cloudresourcemanager.googleapis.com/v1/projects/digital-twin-7de56 200
[debug] [2025-07-20T10:07:47.745Z] <<< [apiv2][body] GET https://cloudresourcemanager.googleapis.com/v1/projects/digital-twin-7de56 {"projectNumber":"150254210836","projectId":"digital-twin-7de56","lifecycleState":"ACTIVE","name":"Digital-Twin","labels":{"firebase":"enabled","firebase-core":"disabled"},"createTime":"2025-07-17T09:23:08.351939Z"}
[debug] [2025-07-20T10:07:47.746Z] Checked if tokens are valid: true, expires at: 1753009665332
[debug] [2025-07-20T10:07:47.746Z] Checked if tokens are valid: true, expires at: 1753009665332
[debug] [2025-07-20T10:07:47.747Z] >>> [apiv2][query] GET https://firebasehosting.googleapis.com/v1beta1/projects/digital-twin-7de56/sites 
[debug] [2025-07-20T10:07:49.055Z] <<< [apiv2][status] GET https://firebasehosting.googleapis.com/v1beta1/projects/digital-twin-7de56/sites 200
[debug] [2025-07-20T10:07:49.055Z] <<< [apiv2][body] GET https://firebasehosting.googleapis.com/v1beta1/projects/digital-twin-7de56/sites {"sites":[{"name":"projects/digital-twin-7de56/sites/digital-twin-7de56","defaultUrl":"https://digital-twin-7de56.web.app","appId":"1:150254210836:web:a3ef3ec39dc71b7cd4bc01","type":"DEFAULT_SITE"}]}
[debug] [2025-07-20T10:07:49.055Z] Checked if tokens are valid: true, expires at: 1753009665332
[debug] [2025-07-20T10:07:49.055Z] Checked if tokens are valid: true, expires at: 1753009665332
[debug] [2025-07-20T10:07:49.055Z] >>> [apiv2][query] GET https://firebase.googleapis.com/v1beta1/projects/digital-twin-7de56/webApps/1:150254210836:web:a3ef3ec39dc71b7cd4bc01/config [none]
[debug] [2025-07-20T10:07:49.940Z] <<< [apiv2][status] GET https://firebase.googleapis.com/v1beta1/projects/digital-twin-7de56/webApps/1:150254210836:web:a3ef3ec39dc71b7cd4bc01/config 200
[debug] [2025-07-20T10:07:49.940Z] <<< [apiv2][body] GET https://firebase.googleapis.com/v1beta1/projects/digital-twin-7de56/webApps/1:150254210836:web:a3ef3ec39dc71b7cd4bc01/config {"projectId":"digital-twin-7de56","appId":"1:150254210836:web:a3ef3ec39dc71b7cd4bc01","storageBucket":"digital-twin-7de56.firebasestorage.app","apiKey":"AIzaSyADK24bSdgcMCopeF-BJaZucHyIWo_F2kc","authDomain":"digital-twin-7de56.firebaseapp.com","messagingSenderId":"150254210836","measurementId":"G-X1VEGQ1N95"}
[debug] [2025-07-20T10:07:50.341Z] Checked if tokens are valid: true, expires at: 1753009665332
[debug] [2025-07-20T10:07:50.341Z] Checked if tokens are valid: true, expires at: 1753009665332
[debug] [2025-07-20T10:07:50.341Z] >>> [apiv2][query] GET https://firebase.googleapis.com/v1beta1/projects/digital-twin-7de56 [none]
[debug] [2025-07-20T10:07:50.843Z] <<< [apiv2][status] GET https://firebase.googleapis.com/v1beta1/projects/digital-twin-7de56 200
[debug] [2025-07-20T10:07:50.843Z] <<< [apiv2][body] GET https://firebase.googleapis.com/v1beta1/projects/digital-twin-7de56 {"projectId":"digital-twin-7de56","projectNumber":"150254210836","displayName":"Digital-Twin","name":"projects/digital-twin-7de56","resources":{"hostingSite":"digital-twin-7de56"},"state":"ACTIVE","etag":"1_eda59184-4620-4a8c-8e13-0dc7ca401938"}
[info] i  hosting[digital-twin-7de56]: Serving hosting files from: public {"metadata":{"emulator":{"name":"hosting"},"message":"Serving hosting files from: \u001b[1mpublic\u001b[22m"}}
[info] +  hosting[digital-twin-7de56]: Local server: http://localhost:5002 {"metadata":{"emulator":{"name":"hosting"},"message":"Local server: \u001b[4m\u001b[1mhttp://localhost:5002\u001b[22m\u001b[24m"}}
[info] i  hosting: ::1 - - [20/Jul/2025:10:08:03 +0000] "GET /?id=2003d61b-2729-4f7e-a175-4f384a6acfea&vscodeBrowserReqId=1753006083196 HTTP/1.1" 200 - "-" "Mozilla/5.0 (Windows NT 10.0; Win64; x64) AppleWebKit/537.36 (KHTML, like Gecko) Code/1.102.1 Chrome/134.0.6998.205 Electron/35.6.0 Safari/537.36" {"metadata":{"emulator":{"name":"hosting"},"message":"::1 - - [20/Jul/2025:10:08:03 +0000] \"GET /?id=2003d61b-2729-4f7e-a175-4f384a6acfea&vscodeBrowserReqId=1753006083196 HTTP/1.1\" 200 - \"-\" \"Mozilla/5.0 (Windows NT 10.0; Win64; x64) AppleWebKit/537.36 (KHTML, like Gecko) Code/1.102.1 Chrome/134.0.6998.205 Electron/35.6.0 Safari/537.36\""}}
[info] i  hosting: ::1 - - [20/Jul/2025:10:08:03 +0000] "GET /static/css/main.css HTTP/1.1" 200 - "http://localhost:5002/?id=2003d61b-2729-4f7e-a175-4f384a6acfea&vscodeBrowserReqId=1753006083196" "Mozilla/5.0 (Windows NT 10.0; Win64; x64) AppleWebKit/537.36 (KHTML, like Gecko) Code/1.102.1 Chrome/134.0.6998.205 Electron/35.6.0 Safari/537.36" {"metadata":{"emulator":{"name":"hosting"},"message":"::1 - - [20/Jul/2025:10:08:03 +0000] \"GET /static/css/main.css HTTP/1.1\" 200 - \"http://localhost:5002/?id=2003d61b-2729-4f7e-a175-4f384a6acfea&vscodeBrowserReqId=1753006083196\" \"Mozilla/5.0 (Windows NT 10.0; Win64; x64) AppleWebKit/537.36 (KHTML, like Gecko) Code/1.102.1 Chrome/134.0.6998.205 Electron/35.6.0 Safari/537.36\""}}
[info] i  hosting: ::1 - - [20/Jul/2025:10:08:03 +0000] "GET /static/js/auth.js HTTP/1.1" 200 - "http://localhost:5002/?id=2003d61b-2729-4f7e-a175-4f384a6acfea&vscodeBrowserReqId=1753006083196" "Mozilla/5.0 (Windows NT 10.0; Win64; x64) AppleWebKit/537.36 (KHTML, like Gecko) Code/1.102.1 Chrome/134.0.6998.205 Electron/35.6.0 Safari/537.36" {"metadata":{"emulator":{"name":"hosting"},"message":"::1 - - [20/Jul/2025:10:08:03 +0000] \"GET /static/js/auth.js HTTP/1.1\" 200 - \"http://localhost:5002/?id=2003d61b-2729-4f7e-a175-4f384a6acfea&vscodeBrowserReqId=1753006083196\" \"Mozilla/5.0 (Windows NT 10.0; Win64; x64) AppleWebKit/537.36 (KHTML, like Gecko) Code/1.102.1 Chrome/134.0.6998.205 Electron/35.6.0 Safari/537.36\""}}
[info] i  hosting: ::1 - - [20/Jul/2025:10:08:03 +0000] "GET /static/js/drag.js HTTP/1.1" 200 - "http://localhost:5002/?id=2003d61b-2729-4f7e-a175-4f384a6acfea&vscodeBrowserReqId=1753006083196" "Mozilla/5.0 (Windows NT 10.0; Win64; x64) AppleWebKit/537.36 (KHTML, like Gecko) Code/1.102.1 Chrome/134.0.6998.205 Electron/35.6.0 Safari/537.36" {"metadata":{"emulator":{"name":"hosting"},"message":"::1 - - [20/Jul/2025:10:08:03 +0000] \"GET /static/js/drag.js HTTP/1.1\" 200 - \"http://localhost:5002/?id=2003d61b-2729-4f7e-a175-4f384a6acfea&vscodeBrowserReqId=1753006083196\" \"Mozilla/5.0 (Windows NT 10.0; Win64; x64) AppleWebKit/537.36 (KHTML, like Gecko) Code/1.102.1 Chrome/134.0.6998.205 Electron/35.6.0 Safari/537.36\""}}
[info] i  hosting: ::1 - - [20/Jul/2025:10:08:03 +0000] "GET /static/img/Holcim%20Logo.png HTTP/1.1" 200 175820 "http://localhost:5002/?id=2003d61b-2729-4f7e-a175-4f384a6acfea&vscodeBrowserReqId=1753006083196" "Mozilla/5.0 (Windows NT 10.0; Win64; x64) AppleWebKit/537.36 (KHTML, like Gecko) Code/1.102.1 Chrome/134.0.6998.205 Electron/35.6.0 Safari/537.36" {"metadata":{"emulator":{"name":"hosting"},"message":"::1 - - [20/Jul/2025:10:08:03 +0000] \"GET /static/img/Holcim%20Logo.png HTTP/1.1\" 200 175820 \"http://localhost:5002/?id=2003d61b-2729-4f7e-a175-4f384a6acfea&vscodeBrowserReqId=1753006083196\" \"Mozilla/5.0 (Windows NT 10.0; Win64; x64) AppleWebKit/537.36 (KHTML, like Gecko) Code/1.102.1 Chrome/134.0.6998.205 Electron/35.6.0 Safari/537.36\""}}
[info] i  hosting: ::1 - - [20/Jul/2025:10:08:03 +0000] "GET /static/img/Lafarge%20Map.png HTTP/1.1" 200 6791880 "http://localhost:5002/?id=2003d61b-2729-4f7e-a175-4f384a6acfea&vscodeBrowserReqId=1753006083196" "Mozilla/5.0 (Windows NT 10.0; Win64; x64) AppleWebKit/537.36 (KHTML, like Gecko) Code/1.102.1 Chrome/134.0.6998.205 Electron/35.6.0 Safari/537.36" {"metadata":{"emulator":{"name":"hosting"},"message":"::1 - - [20/Jul/2025:10:08:03 +0000] \"GET /static/img/Lafarge%20Map.png HTTP/1.1\" 200 6791880 \"http://localhost:5002/?id=2003d61b-2729-4f7e-a175-4f384a6acfea&vscodeBrowserReqId=1753006083196\" \"Mozilla/5.0 (Windows NT 10.0; Win64; x64) AppleWebKit/537.36 (KHTML, like Gecko) Code/1.102.1 Chrome/134.0.6998.205 Electron/35.6.0 Safari/537.36\""}}
[info] i  hosting: ::1 - - [20/Jul/2025:10:12:00 +0000] "GET /?id=2003d61b-2729-4f7e-a175-4f384a6acfea&vscodeBrowserReqId=1753006320900 HTTP/1.1" 200 - "-" "Mozilla/5.0 (Windows NT 10.0; Win64; x64) AppleWebKit/537.36 (KHTML, like Gecko) Code/1.102.1 Chrome/134.0.6998.205 Electron/35.6.0 Safari/537.36" {"metadata":{"emulator":{"name":"hosting"},"message":"::1 - - [20/Jul/2025:10:12:00 +0000] \"GET /?id=2003d61b-2729-4f7e-a175-4f384a6acfea&vscodeBrowserReqId=1753006320900 HTTP/1.1\" 200 - \"-\" \"Mozilla/5.0 (Windows NT 10.0; Win64; x64) AppleWebKit/537.36 (KHTML, like Gecko) Code/1.102.1 Chrome/134.0.6998.205 Electron/35.6.0 Safari/537.36\""}}
[info] i  hosting: ::1 - - [20/Jul/2025:10:12:00 +0000] "GET /static/css/main.css HTTP/1.1" 200 - "http://localhost:5002/?id=2003d61b-2729-4f7e-a175-4f384a6acfea&vscodeBrowserReqId=1753006320900" "Mozilla/5.0 (Windows NT 10.0; Win64; x64) AppleWebKit/537.36 (KHTML, like Gecko) Code/1.102.1 Chrome/134.0.6998.205 Electron/35.6.0 Safari/537.36" {"metadata":{"emulator":{"name":"hosting"},"message":"::1 - - [20/Jul/2025:10:12:00 +0000] \"GET /static/css/main.css HTTP/1.1\" 200 - \"http://localhost:5002/?id=2003d61b-2729-4f7e-a175-4f384a6acfea&vscodeBrowserReqId=1753006320900\" \"Mozilla/5.0 (Windows NT 10.0; Win64; x64) AppleWebKit/537.36 (KHTML, like Gecko) Code/1.102.1 Chrome/134.0.6998.205 Electron/35.6.0 Safari/537.36\""}}
[info] i  hosting: ::1 - - [20/Jul/2025:10:12:00 +0000] "GET /static/js/auth.js HTTP/1.1" 200 - "http://localhost:5002/?id=2003d61b-2729-4f7e-a175-4f384a6acfea&vscodeBrowserReqId=1753006320900" "Mozilla/5.0 (Windows NT 10.0; Win64; x64) AppleWebKit/537.36 (KHTML, like Gecko) Code/1.102.1 Chrome/134.0.6998.205 Electron/35.6.0 Safari/537.36" {"metadata":{"emulator":{"name":"hosting"},"message":"::1 - - [20/Jul/2025:10:12:00 +0000] \"GET /static/js/auth.js HTTP/1.1\" 200 - \"http://localhost:5002/?id=2003d61b-2729-4f7e-a175-4f384a6acfea&vscodeBrowserReqId=1753006320900\" \"Mozilla/5.0 (Windows NT 10.0; Win64; x64) AppleWebKit/537.36 (KHTML, like Gecko) Code/1.102.1 Chrome/134.0.6998.205 Electron/35.6.0 Safari/537.36\""}}
[info] i  hosting: ::1 - - [20/Jul/2025:10:12:00 +0000] "GET /static/js/drag.js HTTP/1.1" 200 - "http://localhost:5002/?id=2003d61b-2729-4f7e-a175-4f384a6acfea&vscodeBrowserReqId=1753006320900" "Mozilla/5.0 (Windows NT 10.0; Win64; x64) AppleWebKit/537.36 (KHTML, like Gecko) Code/1.102.1 Chrome/134.0.6998.205 Electron/35.6.0 Safari/537.36" {"metadata":{"emulator":{"name":"hosting"},"message":"::1 - - [20/Jul/2025:10:12:00 +0000] \"GET /static/js/drag.js HTTP/1.1\" 200 - \"http://localhost:5002/?id=2003d61b-2729-4f7e-a175-4f384a6acfea&vscodeBrowserReqId=1753006320900\" \"Mozilla/5.0 (Windows NT 10.0; Win64; x64) AppleWebKit/537.36 (KHTML, like Gecko) Code/1.102.1 Chrome/134.0.6998.205 Electron/35.6.0 Safari/537.36\""}}
[info] i  hosting: ::1 - - [20/Jul/2025:10:13:06 +0000] "GET /?id=2003d61b-2729-4f7e-a175-4f384a6acfea&vscodeBrowserReqId=1753006386850 HTTP/1.1" 200 - "-" "Mozilla/5.0 (Windows NT 10.0; Win64; x64) AppleWebKit/537.36 (KHTML, like Gecko) Code/1.102.1 Chrome/134.0.6998.205 Electron/35.6.0 Safari/537.36" {"metadata":{"emulator":{"name":"hosting"},"message":"::1 - - [20/Jul/2025:10:13:06 +0000] \"GET /?id=2003d61b-2729-4f7e-a175-4f384a6acfea&vscodeBrowserReqId=1753006386850 HTTP/1.1\" 200 - \"-\" \"Mozilla/5.0 (Windows NT 10.0; Win64; x64) AppleWebKit/537.36 (KHTML, like Gecko) Code/1.102.1 Chrome/134.0.6998.205 Electron/35.6.0 Safari/537.36\""}}
[info] i  hosting: ::1 - - [20/Jul/2025:10:13:06 +0000] "GET /static/js/auth.js HTTP/1.1" 200 - "http://localhost:5002/?id=2003d61b-2729-4f7e-a175-4f384a6acfea&vscodeBrowserReqId=1753006386850" "Mozilla/5.0 (Windows NT 10.0; Win64; x64) AppleWebKit/537.36 (KHTML, like Gecko) Code/1.102.1 Chrome/134.0.6998.205 Electron/35.6.0 Safari/537.36" {"metadata":{"emulator":{"name":"hosting"},"message":"::1 - - [20/Jul/2025:10:13:06 +0000] \"GET /static/js/auth.js HTTP/1.1\" 200 - \"http://localhost:5002/?id=2003d61b-2729-4f7e-a175-4f384a6acfea&vscodeBrowserReqId=1753006386850\" \"Mozilla/5.0 (Windows NT 10.0; Win64; x64) AppleWebKit/537.36 (KHTML, like Gecko) Code/1.102.1 Chrome/134.0.6998.205 Electron/35.6.0 Safari/537.36\""}}
[info] i  hosting: ::1 - - [20/Jul/2025:10:13:06 +0000] "GET /static/js/drag.js HTTP/1.1" 200 - "http://localhost:5002/?id=2003d61b-2729-4f7e-a175-4f384a6acfea&vscodeBrowserReqId=1753006386850" "Mozilla/5.0 (Windows NT 10.0; Win64; x64) AppleWebKit/537.36 (KHTML, like Gecko) Code/1.102.1 Chrome/134.0.6998.205 Electron/35.6.0 Safari/537.36" {"metadata":{"emulator":{"name":"hosting"},"message":"::1 - - [20/Jul/2025:10:13:06 +0000] \"GET /static/js/drag.js HTTP/1.1\" 200 - \"http://localhost:5002/?id=2003d61b-2729-4f7e-a175-4f384a6acfea&vscodeBrowserReqId=1753006386850\" \"Mozilla/5.0 (Windows NT 10.0; Win64; x64) AppleWebKit/537.36 (KHTML, like Gecko) Code/1.102.1 Chrome/134.0.6998.205 Electron/35.6.0 Safari/537.36\""}}
